#
# There is insufficient memory for the Java Runtime Environment to continue.
# Native memory allocation (mmap) failed to map 264241152 bytes for G1 virtual space
# Possible reasons:
#   The system is out of physical RAM or swap space
#   The process is running with CompressedOops enabled, and the Java Heap may be blocking the growth of the native heap
# Possible solutions:
#   Reduce memory load on the system
#   Increase physical memory or swap space
#   Check if swap backing store is full
#   Decrease Java heap size (-Xmx/-Xms)
#   Decrease number of Java threads
#   Decrease Java thread stack sizes (-Xss)
#   Set larger code cache with -XX:ReservedCodeCacheSize=
#   JVM is running with Zero Based Compressed Oops mode in which the Java heap is
#     placed in the first 32GB address space. The Java Heap base address is the
#     maximum limit for the native heap growth. Please use -XX:HeapBaseMinAddress
#     to set the Java Heap base and to place the Java Heap above 32GB virtual address.
# This output file may be truncated or incomplete.
#
#  Out of Memory Error (os_windows.cpp:3769), pid=13448, tid=14332
#
# JRE version:  (17.0.6) (build )
# Java VM: OpenJDK 64-Bit Server VM (17.0.6+0-b2043.56-10027231, mixed mode, sharing, tiered, compressed oops, compressed class ptrs, g1 gc, windows-amd64)
# No core dump will be written. Minidumps are not enabled by default on client versions of Windows
#

---------------  S U M M A R Y ------------

Command Line: 

Host: 12th Gen Intel(R) Core(TM) i5-12500H, 16 cores, 15G,  Windows 11 , 64 bit Build 22621 (10.0.22621.2428)
Time: Sat Oct 28 11:38:16 2023 India Standard Time elapsed time: 0.008218 seconds (0d 0h 0m 0s)

---------------  T H R E A D  ---------------

Current thread (0x0000020a1ef581a0):  JavaThread "Unknown thread" [_thread_in_vm, id=14332, stack(0x000000a5db100000,0x000000a5db200000)]

Stack: [0x000000a5db100000,0x000000a5db200000]
Native frames: (J=compiled Java code, j=interpreted, Vv=VM code, C=native code)
V  [jvm.dll+0x683c9a]
V  [jvm.dll+0x8427a4]
V  [jvm.dll+0x843f9e]
V  [jvm.dll+0x844603]
V  [jvm.dll+0x249b75]
V  [jvm.dll+0x680b69]
V  [jvm.dll+0x67505a]
V  [jvm.dll+0x309acb]
V  [jvm.dll+0x310f86]
V  [jvm.dll+0x3608ee]
V  [jvm.dll+0x360b1f]
V  [jvm.dll+0x2dfbf8]
V  [jvm.dll+0x2e0b64]
V  [jvm.dll+0x814091]
V  [jvm.dll+0x36e6a1]
V  [jvm.dll+0x7f35cc]
V  [jvm.dll+0x3f0e8f]
V  [jvm.dll+0x3f29d1]
C  [jli.dll+0x526b]
C  [ucrtbase.dll+0x29363]
C  [KERNEL32.DLL+0x1257d]
C  [ntdll.dll+0x5aa78]


---------------  P R O C E S S  ---------------

Threads class SMR info:
_java_thread_list=0x00007ff9c74bc058, length=0, elements={
}

Java Threads: ( => current thread )

Other Threads:
  0x0000020a1efc3c20 GCTaskThread "GC Thread#0" [stack: 0x000000a5db200000,0x000000a5db300000] [id=13464]
  0x0000020a1efd4580 ConcurrentGCThread "G1 Main Marker" [stack: 0x000000a5db300000,0x000000a5db400000] [id=20464]
  0x0000020a1efd4f90 ConcurrentGCThread "G1 Conc#0" [stack: 0x000000a5db400000,0x000000a5db500000] [id=1656]

[error occurred during error reporting (printing all threads), id 0xc0000005, EXCEPTION_ACCESS_VIOLATION (0xc0000005) at pc=0x00007ff9c6c70797]

VM state: not at safepoint (not fully initialized)

VM Mutex/Monitor currently owned by a thread:  ([mutex/lock_event])
[0x0000020a1ef54860] Heap_lock - owner thread: 0x0000020a1ef581a0

Heap address: 0x0000000705e00000, size: 4002 MB, Compressed Oops mode: Zero based, Oop shift amount: 3

CDS archive(s) mapped at: [0x0000000000000000-0x0000000000000000-0x0000000000000000), size 0, SharedBaseAddress: 0x0000000800000000, ArchiveRelocationMode: 0.
Narrow klass base: 0x0000000000000000, Narrow klass shift: 0, Narrow klass range: 0x0

GC Precious Log:
<Empty>

Heap:
 garbage-first heap   total 0K, used 0K [0x0000000705e00000, 0x0000000800000000)
  region size 2048K, 0 young (0K), 0 survivors (0K)

[error occurred during error reporting (printing heap information), id 0xc0000005, EXCEPTION_ACCESS_VIOLATION (0xc0000005) at pc=0x00007ff9c705da89]

GC Heap History (0 events):
No events

Dll operation events (1 events):
Event: 0.005 Loaded shared library E:\Android\jbr\bin\java.dll

Deoptimization events (0 events):
No events

Classes unloaded (0 events):
No events

Classes redefined (0 events):
No events

Internal exceptions (0 events):
No events

VM Operations (0 events):
No events

Events (0 events):
No events


Dynamic libraries:
0x00007ff777820000 - 0x00007ff77782a000 	E:\Android\jbr\bin\java.EXE
0x00007ffa86890000 - 0x00007ffa86aa7000 	C:\WINDOWS\SYSTEM32\ntdll.dll
0x00007ffa86730000 - 0x00007ffa867f4000 	C:\WINDOWS\System32\KERNEL32.DLL
0x00007ffa84240000 - 0x00007ffa845e6000 	C:\WINDOWS\System32\KERNELBASE.dll
0x00007ffa83f00000 - 0x00007ffa84011000 	C:\WINDOWS\System32\ucrtbase.dll
0x00007ffa32e00000 - 0x00007ffa32e1b000 	E:\Android\jbr\bin\VCRUNTIME140.dll
0x00007ffa33840000 - 0x00007ffa33857000 	E:\Android\jbr\bin\jli.dll
0x00007ffa84840000 - 0x00007ffa849ed000 	C:\WINDOWS\System32\USER32.dll
0x00007ffa84210000 - 0x00007ffa84236000 	C:\WINDOWS\System32\win32u.dll
0x00007ffa78340000 - 0x00007ffa785d3000 	C:\WINDOWS\WinSxS\amd64_microsoft.windows.common-controls_6595b64144ccf1df_6.0.22621.2361_none_2712ced57382f843\COMCTL32.dll
0x00007ffa86580000 - 0x00007ffa865a9000 	C:\WINDOWS\System32\GDI32.dll
0x00007ffa85820000 - 0x00007ffa858c7000 	C:\WINDOWS\System32\msvcrt.dll
0x00007ffa83d20000 - 0x00007ffa83e38000 	C:\WINDOWS\System32\gdi32full.dll
0x00007ffa83c80000 - 0x00007ffa83d1a000 	C:\WINDOWS\System32\msvcp_win.dll
0x00007ffa845f0000 - 0x00007ffa84621000 	C:\WINDOWS\System32\IMM32.DLL
0x00007ffa66920000 - 0x00007ffa6692c000 	E:\Android\jbr\bin\vcruntime140_1.dll
0x00007ff9e4e50000 - 0x00007ff9e4edd000 	E:\Android\jbr\bin\msvcp140.dll
0x00007ff9c6980000 - 0x00007ff9c75ee000 	E:\Android\jbr\bin\server\jvm.dll
0x00007ffa85760000 - 0x00007ffa85810000 	C:\WINDOWS\System32\ADVAPI32.dll
0x00007ffa84770000 - 0x00007ffa84816000 	C:\WINDOWS\System32\sechost.dll
0x00007ffa86460000 - 0x00007ffa86577000 	C:\WINDOWS\System32\RPCRT4.dll
0x00007ffa7aab0000 - 0x00007ffa7aab9000 	C:\WINDOWS\SYSTEM32\WSOCK32.dll
0x00007ffa846e0000 - 0x00007ffa84751000 	C:\WINDOWS\System32\WS2_32.dll
0x00007ffa787f0000 - 0x00007ffa78824000 	C:\WINDOWS\SYSTEM32\WINMM.dll
0x00007ffa74330000 - 0x00007ffa7433a000 	C:\WINDOWS\SYSTEM32\VERSION.dll
0x00007ffa82cb0000 - 0x00007ffa82cc8000 	C:\WINDOWS\SYSTEM32\kernel.appcore.dll
0x00007ffa66780000 - 0x00007ffa6678a000 	E:\Android\jbr\bin\jimage.dll
0x00007ffa81510000 - 0x00007ffa8173e000 	C:\WINDOWS\SYSTEM32\DBGHELP.DLL
0x00007ffa84b00000 - 0x00007ffa84e8a000 	C:\WINDOWS\System32\combase.dll
0x00007ffa850b0000 - 0x00007ffa85187000 	C:\WINDOWS\System32\OLEAUT32.dll
0x00007ffa77740000 - 0x00007ffa77772000 	C:\WINDOWS\SYSTEM32\dbgcore.DLL
0x00007ffa84190000 - 0x00007ffa8420a000 	C:\WINDOWS\System32\bcryptPrimitives.dll
0x00007ffa321d0000 - 0x00007ffa321f5000 	E:\Android\jbr\bin\java.dll

dbghelp: loaded successfully - version: 4.0.5 - missing functions: none
symbol engine: initialized successfully - sym options: 0x614 - pdb path: .;E:\Android\jbr\bin;C:\WINDOWS\SYSTEM32;C:\WINDOWS\WinSxS\amd64_microsoft.windows.common-controls_6595b64144ccf1df_6.0.22621.2361_none_2712ced57382f843;E:\Android\jbr\bin\server

VM Arguments:
java_command: <unknown>
java_class_path (initial): <not set>
Launcher Type: SUN_STANDARD

[Global flags]
     intx CICompilerCount                          = 12                                        {product} {ergonomic}
     uint ConcGCThreads                            = 3                                         {product} {ergonomic}
     uint G1ConcRefinementThreads                  = 13                                        {product} {ergonomic}
   size_t G1HeapRegionSize                         = 2097152                                   {product} {ergonomic}
    uintx GCDrainStackTargetSize                   = 64                                        {product} {ergonomic}
   size_t InitialHeapSize                          = 264241152                                 {product} {ergonomic}
   size_t MarkStackSize                            = 4194304                                   {product} {ergonomic}
   size_t MaxHeapSize                              = 4196401152                                {product} {ergonomic}
   size_t MinHeapDeltaBytes                        = 2097152                                   {product} {ergonomic}
   size_t MinHeapSize                              = 8388608                                   {product} {ergonomic}
    uintx NonNMethodCodeHeapSize                   = 7602480                                {pd product} {ergonomic}
    uintx NonProfiledCodeHeapSize                  = 122027880                              {pd product} {ergonomic}
    uintx ProfiledCodeHeapSize                     = 122027880                              {pd product} {ergonomic}
    uintx ReservedCodeCacheSize                    = 251658240                              {pd product} {ergonomic}
     bool SegmentedCodeCache                       = true                                      {product} {ergonomic}
   size_t SoftMaxHeapSize                          = 4196401152                             {manageable} {ergonomic}
     bool UseCompressedClassPointers               = true                           {product lp64_product} {ergonomic}
     bool UseCompressedOops                        = true                           {product lp64_product} {ergonomic}
     bool UseG1GC                                  = true                                      {product} {ergonomic}
     bool UseLargePagesIndividualAllocation        = false                                  {pd product} {ergonomic}

Logging:
Log output configuration:
 #0: stdout all=warning uptime,level,tags
 #1: stderr all=off uptime,level,tags

Environment Variables:
PATH=C:\Program Files (x86)\Common Files\Intel\Shared Libraries\redist\intel64\compiler;C:\WINDOWS\system32;C:\WINDOWS;C:\WINDOWS\System32\Wbem;C:\WINDOWS\System32\WindowsPowerShell\v1.0\;C:\WINDOWS\System32\OpenSSH\;C:\MinGW\bin;C:\Program Files\Git\cmd;C:\Program Files\dotnet\;C:\Program Files\MATLAB\R2023a\bin;C:\Program Files\nodejs\;C:\xampp\php;C:\composer;C:\Users\VivoBook S 15 (2022)\AppData\Local\Microsoft\WindowsApps;C:\MinGW\bin;C:\Users\VivoBook S 15 (2022)\AppData\Roaming\npm;C:\Users\VivoBook S 15 (2022)\AppData\Roaming\Composer\vendor\bin;E:\Microsoft VS Code\bin;C:\flutter\bin;;C:\flutter\bin\mingit\cmd;C:\flutter\bin\mingit\cmd
USERNAME=VivoBook S 15 (2022)
OS=Windows_NT
PROCESSOR_IDENTIFIER=Intel64 Family 6 Model 154 Stepping 3, GenuineIntel
TMP=C:\Users\VIVOBO~1\AppData\Local\Temp
TEMP=C:\Users\VIVOBO~1\AppData\Local\Temp


JNI global refs:

[error occurred during error reporting (JNI global references), id 0xc0000005, EXCEPTION_ACCESS_VIOLATION (0xc0000005) at pc=0x00007ff9c6a37a10]


---------------  S Y S T E M  ---------------

OS:
 Windows 11 , 64 bit Build 22621 (10.0.22621.2428)
OS uptime: 1 days 21:52 hours
Hyper-V role detected

CPU: total 16 (initial active 16) (8 cores per cpu, 2 threads per core) family 6 model 154 stepping 3 microcode 0x41b, cx8, cmov, fxsr, ht, mmx, 3dnowpref, sse, sse2, sse3, ssse3, sse4.1, sse4.2, popcnt, lzcnt, tsc, tscinvbit, avx, avx2, aes, erms, clmul, bmi1, bmi2, adx, sha, fma, vzeroupper, clflush, clflushopt, clwb, hv

Memory: 4k page, system-wide physical 16003M (2346M free)
TotalPageFile size 36772M (AvailPageFile size 131M)
current process WorkingSet (physical memory assigned to process): 11M, peak: 11M
current process commit charge ("private bytes"): 70M, peak: 322M

vm_info: OpenJDK 64-Bit Server VM (17.0.6+0-b2043.56-10027231) for windows-amd64 JRE (17.0.6+0-b2043.56-10027231), built on Apr 28 2023 00:43:19 by "androidbuild" with MS VC++ 16.10 / 16.11 (VS2019)

END.
